db/src/gen/.hdiconfig
db/src/gen/.hdinamespace
db/src/gen/ADMINSERVICE_ADDRESS.hdbcds
db/src/gen/ADMINSERVICE_APPROVAL.hdbcds
db/src/gen/ADMINSERVICE_APPROVAL_DRAFTS.hdbcds
db/src/gen/ADMINSERVICE_AUTHORS.hdbcds
db/src/gen/ADMINSERVICE_BOOKS.hdbcds
db/src/gen/ADMINSERVICE_BOOKS_TEXTS.hdbcds
db/src/gen/ADMINSERVICE_BUSINESSOBJECTS.hdbcds
db/src/gen/ADMINSERVICE_CURRENCIES.hdbcds
db/src/gen/ADMINSERVICE_CURRENCIES_TEXTS.hdbcds
db/src/gen/ADMINSERVICE_DRAFTADMINISTRATIVEDATA.hdbcds
db/src/gen/ADMINSERVICE_IMAGES.hdbcds
db/src/gen/ADMINSERVICE_ORDERITEMS.hdbcds
db/src/gen/ADMINSERVICE_ORDERITEMS_DRAFTS.hdbcds
db/src/gen/ADMINSERVICE_ORDERS.hdbcds
db/src/gen/ADMINSERVICE_ORDERS_DRAFTS.hdbcds
db/src/gen/ADMINSERVICE_ROLE.hdbcds
db/src/gen/ADMINSERVICE_ROLE_BUSINESSOBJECT.hdbcds
db/src/gen/ADMINSERVICE_ROLE_BUSINESSOBJECT_DRAFTS.hdbcds
db/src/gen/ADMINSERVICE_ROLE_DRAFTS.hdbcds
db/src/gen/ADMINSERVICE_ROLE_USER.hdbcds
db/src/gen/ADMINSERVICE_ROLE_USER_DRAFTS.hdbcds
db/src/gen/ADMINSERVICE_USERS.hdbcds
db/src/gen/DRAFT_DRAFTADMINISTRATIVEDATA.hdbcds
db/src/gen/LOCALIZED_ADMINSERVICE_AUTHORS.hdbcds
db/src/gen/LOCALIZED_ADMINSERVICE_BOOKS.hdbcds
db/src/gen/LOCALIZED_ADMINSERVICE_CURRENCIES.hdbcds
db/src/gen/LOCALIZED_ADMINSERVICE_ORDERITEMS.hdbcds
db/src/gen/LOCALIZED_ADMINSERVICE_ORDERS.hdbcds
db/src/gen/LOCALIZED_MY_BOOKSHOP_AUTHORS.hdbcds
db/src/gen/LOCALIZED_MY_BOOKSHOP_BOOKS.hdbcds
db/src/gen/LOCALIZED_MY_BOOKSHOP_BOOKSANALYTICS.hdbcds
db/src/gen/LOCALIZED_MY_BOOKSHOP_ORDERITEMS.hdbcds
db/src/gen/LOCALIZED_MY_BOOKSHOP_ORDERS.hdbcds
db/src/gen/LOCALIZED_SAP_COMMON_CURRENCIES.hdbcds
db/src/gen/MY_BOOKSHOP_ADDRESS.hdbcds
db/src/gen/MY_BOOKSHOP_APPROVAL.hdbcds
db/src/gen/MY_BOOKSHOP_AUTHORS.hdbcds
db/src/gen/MY_BOOKSHOP_BOOKS.hdbcds
db/src/gen/MY_BOOKSHOP_BOOKSANALYTICS.hdbcds
db/src/gen/MY_BOOKSHOP_BOOKS_TEXTS.hdbcds
db/src/gen/MY_BOOKSHOP_BUSINESSOBJECTS.hdbcds
db/src/gen/MY_BOOKSHOP_IMAGES.hdbcds
db/src/gen/MY_BOOKSHOP_ORDERITEMS.hdbcds
db/src/gen/MY_BOOKSHOP_ORDERS.hdbcds
db/src/gen/MY_BOOKSHOP_ROLE.hdbcds
db/src/gen/MY_BOOKSHOP_ROLE_BUSINESSOBJECT.hdbcds
db/src/gen/MY_BOOKSHOP_ROLE_USER.hdbcds
db/src/gen/MY_BOOKSHOP_USERS.hdbcds
db/src/gen/SAP_COMMON_CURRENCIES.hdbcds
db/src/gen/SAP_COMMON_CURRENCIES_TEXTS.hdbcds
db/src/gen/csv/my.bookshop-Address.csv
db/src/gen/csv/my.bookshop-Address.hdbtabledata
db/src/gen/csv/my.bookshop-Authors.csv
db/src/gen/csv/my.bookshop-Authors.hdbtabledata
db/src/gen/csv/my.bookshop-Books.csv
db/src/gen/csv/my.bookshop-Books.hdbtabledata
db/src/gen/csv/my.bookshop-Books_texts.csv
db/src/gen/csv/my.bookshop-Books_texts.hdbtabledata
db/src/gen/csv/my.bookshop-BusinessObjects.csv
db/src/gen/csv/my.bookshop-BusinessObjects.hdbtabledata
db/src/gen/csv/my.bookshop-OrderItems.csv
db/src/gen/csv/my.bookshop-OrderItems.hdbtabledata
db/src/gen/csv/my.bookshop-Orders.csv
db/src/gen/csv/my.bookshop-Orders.hdbtabledata
db/src/gen/csv/my.bookshop-Role.csv
db/src/gen/csv/my.bookshop-Role.hdbtabledata
db/src/gen/csv/my.bookshop-Role_BusinessObject.csv
db/src/gen/csv/my.bookshop-Role_BusinessObject.hdbtabledata
db/src/gen/csv/my.bookshop-Role_User.csv
db/src/gen/csv/my.bookshop-Role_User.hdbtabledata
db/src/gen/csv/my.bookshop-Users.csv
db/src/gen/csv/my.bookshop-Users.hdbtabledata
db/src/gen/csv/sap.common-Currencies.csv
db/src/gen/csv/sap.common-Currencies.hdbtabledata
db/src/gen/csv/sap.common-Currencies_texts.csv
db/src/gen/csv/sap.common-Currencies_texts.hdbtabledata
srv/gen/AdminService.xml
srv/gen/AdminService_de.xml
srv/gen/AdminService_en.xml
srv/gen/_i18n/i18n.json
srv/gen/csn.json